Using pre-set license
Built from '2022.3/staging' branch; Version is '2022.3.6f1 (b9e6e7e9fa2d) revision 12183271'; Using compiler version '192829333'; Build Type 'Release'
OS: 'Windows 11  (10.0.22631) 64bit Core' Language: 'en' Physical Memory: 32581 MB
BatchMode: 1, IsHumanControllingUs: 0, StartBugReporterOnCrash: 0, Is64bit: 1, IsPro: 1

COMMAND LINE ARGUMENTS:
C:\Program Files\Unity\Hub\Editor\2022.3.6f1\Editor\Unity.exe
-adb2
-batchMode
-noUpm
-name
AssetImportWorker1
-projectPath
C:/Users/daric/AppData/Local/VRChatProjects/Worldtest
-logFile
Logs/AssetImportWorker1.log
-srvPort
50341
Successfully changed project path to: C:/Users/daric/AppData/Local/VRChatProjects/Worldtest
C:/Users/daric/AppData/Local/VRChatProjects/Worldtest
[UnityMemory] Configuration Parameters - Can be set up in boot.config
    "memorysetup-bucket-allocator-granularity=16"
    "memorysetup-bucket-allocator-bucket-count=8"
    "memorysetup-bucket-allocator-block-size=33554432"
    "memorysetup-bucket-allocator-block-count=8"
    "memorysetup-main-allocator-block-size=16777216"
    "memorysetup-thread-allocator-block-size=16777216"
    "memorysetup-gfx-main-allocator-block-size=16777216"
    "memorysetup-gfx-thread-allocator-block-size=16777216"
    "memorysetup-cache-allocator-block-size=4194304"
    "memorysetup-typetree-allocator-block-size=2097152"
    "memorysetup-profiler-bucket-allocator-granularity=16"
    "memorysetup-profiler-bucket-allocator-bucket-count=8"
    "memorysetup-profiler-bucket-allocator-block-size=33554432"
    "memorysetup-profiler-bucket-allocator-block-count=8"
    "memorysetup-profiler-allocator-block-size=16777216"
    "memorysetup-profiler-editor-allocator-block-size=1048576"
    "memorysetup-temp-allocator-size-main=16777216"
    "memorysetup-job-temp-allocator-block-size=2097152"
    "memorysetup-job-temp-allocator-block-size-background=1048576"
    "memorysetup-job-temp-allocator-reduction-small-platforms=262144"
    "memorysetup-allocator-temp-initial-block-size-main=262144"
    "memorysetup-allocator-temp-initial-block-size-worker=262144"
    "memorysetup-temp-allocator-size-background-worker=32768"
    "memorysetup-temp-allocator-size-job-worker=262144"
    "memorysetup-temp-allocator-size-preload-manager=33554432"
    "memorysetup-temp-allocator-size-nav-mesh-worker=65536"
    "memorysetup-temp-allocator-size-audio-worker=65536"
    "memorysetup-temp-allocator-size-cloud-worker=32768"
    "memorysetup-temp-allocator-size-gi-baking-worker=262144"
    "memorysetup-temp-allocator-size-gfx=262144"
Player connection [12420] Host "[IP] 172.16.1.133 [Port] 0 [Flags] 2 [Guid] 601105302 [EditorId] 601105302 [Version] 1048832 [Id] WindowsEditor(7,Davide) [Debug] 1 [PackageName] WindowsEditor [ProjectName] Editor" joined multi-casting on [225.0.0.222:54997]...

Player connection [12420] Host "[IP] 172.16.1.133 [Port] 0 [Flags] 2 [Guid] 601105302 [EditorId] 601105302 [Version] 1048832 [Id] WindowsEditor(7,Davide) [Debug] 1 [PackageName] WindowsEditor [ProjectName] Editor" joined alternative multi-casting on [225.0.0.222:34997]...

Refreshing native plugins compatible for Editor in 18.14 ms, found 6 plugins.
Preloading 2 native plugins for Editor in 0.68 ms.
Initialize engine version: 2022.3.6f1 (b9e6e7e9fa2d)
[Subsystems] Discovering subsystems at path C:/Program Files/Unity/Hub/Editor/2022.3.6f1/Editor/Data/Resources/UnitySubsystems
[Subsystems] Discovering subsystems at path C:/Users/daric/AppData/Local/VRChatProjects/Worldtest/Assets
GfxDevice: creating device client; threaded=0; jobified=0
Direct3D:
    Version:  Direct3D 11.0 [level 11.1]
    Renderer: NVIDIA GeForce RTX 4070 (ID=0x2786)
    Vendor:   NVIDIA
    VRAM:     12026 MB
    Driver:   31.0.15.4633
Initialize mono
Mono path[0] = 'C:/Program Files/Unity/Hub/Editor/2022.3.6f1/Editor/Data/Managed'
Mono path[1] = 'C:/Program Files/Unity/Hub/Editor/2022.3.6f1/Editor/Data/MonoBleedingEdge/lib/mono/unityjit-win32'
Mono config path = 'C:/Program Files/Unity/Hub/Editor/2022.3.6f1/Editor/Data/MonoBleedingEdge/etc'
Using monoOptions --debugger-agent=transport=dt_socket,embedding=1,server=y,suspend=n,address=127.0.0.1:56408
Begin MonoManager ReloadAssembly
Registering precompiled unity dll's ...
Register platform support module: C:/Program Files/Unity/Hub/Editor/2022.3.6f1/Editor/Data/PlaybackEngines/AndroidPlayer/UnityEditor.Android.Extensions.dll
Register platform support module: C:/Program Files/Unity/Hub/Editor/2022.3.6f1/Editor/Data/PlaybackEngines/WindowsStandaloneSupport/UnityEditor.WindowsStandalone.Extensions.dll
Registered in 0.003804 seconds.
- Loaded All Assemblies, in  0.308 seconds
Native extension for WindowsStandalone target not found
Native extension for Android target not found
Mono: successfully reloaded assembly
- Finished resetting the current domain, in  0.215 seconds
Domain Reload Profiling: 523ms
	BeginReloadAssembly (87ms)
		ExecutionOrderSort (0ms)
		DisableScriptedObjects (0ms)
		BackupInstance (0ms)
		ReleaseScriptingObjects (0ms)
		CreateAndSetChildDomain (0ms)
	RebuildCommonClasses (28ms)
	RebuildNativeTypeToScriptingClass (6ms)
	initialDomainReloadingComplete (39ms)
	LoadAllAssembliesAndSetupDomain (147ms)
		LoadAssemblies (88ms)
		RebuildTransferFunctionScriptingTraits (0ms)
		AnalyzeDomain (142ms)
			TypeCache.Refresh (141ms)
				TypeCache.ScanAssembly (130ms)
			ScanForSourceGeneratedMonoScriptInfo (1ms)
			ResolveRequiredComponents (0ms)
	FinalizeReload (216ms)
		ReleaseScriptCaches (0ms)
		RebuildScriptCaches (0ms)
		SetupLoadedEditorAssemblies (178ms)
			LogAssemblyErrors (0ms)
			InitializePlatformSupportModulesInManaged (77ms)
			SetLoadedEditorAssemblies (3ms)
			RefreshPlugins (0ms)
			BeforeProcessingInitializeOnLoad (1ms)
			ProcessInitializeOnLoadAttributes (70ms)
			ProcessInitializeOnLoadMethodAttributes (27ms)
			AfterProcessingInitializeOnLoad (0ms)
			EditorAssembliesLoaded (0ms)
		ExecutionOrderSort2 (0ms)
		AwakeInstancesAfterBackupRestoration (0ms)
========================================================================
Worker process is ready to serve import requests
Begin MonoManager ReloadAssembly
- Loaded All Assemblies, in  0.802 seconds
Refreshing native plugins compatible for Editor in 6.44 ms, found 6 plugins.
Native extension for WindowsStandalone target not found
Native extension for Android target not found
Package Manager log level set to [2]
[Package Manager] Server::EnsureServerProcessIsRunning -- launch failed, reason: Unity was launched with the -noUpm command-line argument
[Package Manager] UpmClient::Send -- Unable to send message (not connected to UPM process).
[Package Manager] Cannot connect to Unity Package Manager local server
System.ArgumentNullException: Value cannot be null.
Parameter name: path
  at System.IO.Directory.CreateDirectory (System.String path) [0x00003] in <eef08f56e2e042f1b3027eca477293d9>:0 
  at VRC.SDKBase.Editor.VRCPackageSettings.EnsurePathExists () [0x0000b] in .\Packages\com.vrchat.base\Editor\VRCSDK\Dependencies\VRChat\VRCPackageSettings.cs:45 
  at VRC.SDKBase.Editor.VRCPackageSettings.Load () [0x00000] in .\Packages\com.vrchat.base\Editor\VRCSDK\Dependencies\VRChat\VRCPackageSettings.cs:50 
  at VRC.SDKBase.Editor.VRCPackageSettings.Create () [0x00005] in .\Packages\com.vrchat.base\Editor\VRCSDK\Dependencies\VRChat\VRCPackageSettings.cs:19 
  at VRC.SDKBase.Editor.SampleHintCreator..cctor () [0x00007] in .\Packages\com.vrchat.base\Editor\VRCSDK\SampleHintCreator.cs:18 
UnityEngine.StackTraceUtility:ExtractStackTrace ()
UnityEngine.DebugLogHandler:LogFormat (UnityEngine.LogType,UnityEngine.Object,string,object[])
UnityEngine.Logger:Log (UnityEngine.LogType,object)
UnityEngine.Debug:LogError (object)
UnityEditor.EditorAssemblies:ProcessInitializeOnLoadAttributes (System.Type[])

System.Reflection.TargetInvocationException: Exception has been thrown by the target of an invocation. ---> System.NullReferenceException: Object reference not set to an instance of an object
  at Unity.XR.Oculus.OculusLoader.AssetPathToAbsolutePath (System.String assetPath) [0x00040] in .\Library\PackageCache\com.unity.xr.oculus@4.0.0\Runtime\OculusLoader.cs:282 
  at Unity.XR.Oculus.OculusLoader.EditorLoadOVRPlugin () [0x0007b] in .\Library\PackageCache\com.unity.xr.oculus@4.0.0\Runtime\OculusLoader.cs:267 
  at (wrapper managed-to-native) System.Reflection.RuntimeMethodInfo.InternalInvoke(System.Reflection.RuntimeMethodInfo,object,object[],System.Exception&)
  at System.Reflection.RuntimeMethodInfo.Invoke (System.Object obj, System.Reflection.BindingFlags invokeAttr, System.Reflection.Binder binder, System.Object[] parameters, System.Globalization.CultureInfo culture) [0x0006a] in <eef08f56e2e042f1b3027eca477293d9>:0 
   --- End of inner exception stack trace ---
  at System.Reflection.RuntimeMethodInfo.Invoke (System.Object obj, System.Reflection.BindingFlags invokeAttr, System.Reflection.Binder binder, System.Object[] parameters, System.Globalization.CultureInfo culture) [0x00083] in <eef08f56e2e042f1b3027eca477293d9>:0 
  at System.Reflection.MethodBase.Invoke (System.Object obj, System.Object[] parameters) [0x00000] in <eef08f56e2e042f1b3027eca477293d9>:0 
  at UnityEditor.EditorAssemblies.ProcessInitializeOnLoadMethodAttributes () [0x000a5] in <347e3e2bef8c4deb82c9790c6e198135>:0 
UnityEngine.StackTraceUtility:ExtractStackTrace ()
UnityEngine.DebugLogHandler:LogFormat (UnityEngine.LogType,UnityEngine.Object,string,object[])
UnityEngine.Logger:Log (UnityEngine.LogType,object)
UnityEngine.Debug:LogError (object)
UnityEditor.EditorAssemblies:ProcessInitializeOnLoadMethodAttributes ()

Mono: successfully reloaded assembly
[Package Manager] Server::EnsureServerProcessIsRunning -- launch failed, reason: Unity was launched with the -noUpm command-line argument
[Package Manager] UpmClient::Send -- Unable to send message (not connected to UPM process).
[Package Manager] Cannot connect to Unity Package Manager local server
[Package Manager] Server::EnsureServerProcessIsRunning -- launch failed, reason: Unity was launched with the -noUpm command-line argument
[Package Manager] UpmClient::Send -- Unable to send message (not connected to UPM process).
[Package Manager] Cannot connect to Unity Package Manager local server
[<color=#FF00FF>UdonSharp</color>] No Assembly-CSharp assembly found
UnityEngine.StackTraceUtility:ExtractStackTrace ()
UnityEngine.DebugLogHandler:LogFormat (UnityEngine.LogType,UnityEngine.Object,string,object[])
UnityEngine.Logger:Log (UnityEngine.LogType,object)
UnityEngine.Debug:LogWarning (object)
UdonSharp.UdonSharpUtils:LogWarning (object) (at ./Packages/com.vrchat.worlds/Integrations/UdonSharp/Editor/UdonSharpUtils.cs:314)
UdonSharp.Compiler.Udon.CompilerUdonInterface:AssemblyCacheInit () (at ./Packages/com.vrchat.worlds/Integrations/UdonSharp/Editor/Compiler/Udon/CompilerUdonInterface.cs:176)
UdonSharp.Compiler.Udon.CompilerUdonInterface:get_UdonSharpAssemblyDefinitions () (at ./Packages/com.vrchat.worlds/Integrations/UdonSharp/Editor/Compiler/Udon/CompilerUdonInterface.cs:54)
UdonSharp.Compiler.CompilationContext:IsUdonSharpAssembly (string) (at ./Packages/com.vrchat.worlds/Integrations/UdonSharp/Editor/Compiler/CompilationContext.cs:238)
UdonSharp.Compiler.CompilationContext:GetAllFilteredSourcePaths (bool) (at ./Packages/com.vrchat.worlds/Integrations/UdonSharp/Editor/Compiler/CompilationContext.cs:208)
UdonSharpEditor.UdonSharpUpgrader:UpgradeScripts (UdonSharp.UdonSharpProgramAsset[]) (at ./Packages/com.vrchat.worlds/Integrations/UdonSharp/Editor/UdonSharpUpgrader.cs:89)
UdonSharpEditor.UdonSharpUpgrader:UpgradeScripts () (at ./Packages/com.vrchat.worlds/Integrations/UdonSharp/Editor/UdonSharpUpgrader.cs:70)
UdonSharpEditor.UdonSharpEditorManager:RunAllUpgrades () (at ./Packages/com.vrchat.worlds/Integrations/UdonSharp/Editor/UdonSharpEditorManager.cs:1686)
UdonSharpEditor.UdonSharpEditorManager:RunPostAssemblyBuildRefresh () (at ./Packages/com.vrchat.worlds/Integrations/UdonSharp/Editor/UdonSharpEditorManager.cs:132)
UnityEditor.AssemblyReloadEvents:OnAfterAssemblyReload ()

(Filename: ./Packages/com.vrchat.worlds/Integrations/UdonSharp/Editor/UdonSharpUtils.cs Line: 314)

[<color=#FF00FF>UdonSharp</color>] Source C# script on InteractRecorder Udon C# Program Asset (UdonSharp.UdonSharpProgramAsset) is null
UnityEngine.StackTraceUtility:ExtractStackTrace ()
UnityEngine.DebugLogHandler:LogFormat (UnityEngine.LogType,UnityEngine.Object,string,object[])
UnityEngine.Logger:Log (UnityEngine.LogType,object,UnityEngine.Object)
UnityEngine.Debug:LogError (object,UnityEngine.Object)
UdonSharp.UdonSharpUtils:LogError (object,UnityEngine.Object) (at ./Packages/com.vrchat.worlds/Integrations/UdonSharp/Editor/UdonSharpUtils.cs:329)
UdonSharp.Compiler.UdonSharpCompilerV1:Compile (UdonSharp.Compiler.UdonSharpCompileOptions) (at ./Packages/com.vrchat.worlds/Integrations/UdonSharp/Editor/Compiler/UdonSharpCompilerV1.cs:285)
UdonSharp.UdonSharpProgramAsset:CompileAllCsPrograms (bool,bool) (at ./Packages/com.vrchat.worlds/Integrations/UdonSharp/Editor/UdonSharpProgramAsset.cs:295)
UdonSharpEditor.UdonSharpEditorManager:UpgradeAssetsIfNeeded () (at ./Packages/com.vrchat.worlds/Integrations/UdonSharp/Editor/UdonSharpEditorManager.cs:868)
UdonSharpEditor.UdonSharpEditorManager:RunAllUpgrades () (at ./Packages/com.vrchat.worlds/Integrations/UdonSharp/Editor/UdonSharpEditorManager.cs:1689)
UdonSharpEditor.UdonSharpEditorManager:RunPostAssemblyBuildRefresh () (at ./Packages/com.vrchat.worlds/Integrations/UdonSharp/Editor/UdonSharpEditorManager.cs:132)
UnityEditor.AssemblyReloadEvents:OnAfterAssemblyReload ()

(Filename: ./Packages/com.vrchat.worlds/Integrations/UdonSharp/Editor/UdonSharpUtils.cs Line: 329)

[<color=#FF00FF>UdonSharp</color>] Source C# script on InteractRecorder Udon C# Program Asset (UdonSharp.UdonSharpProgramAsset) is null
UnityEngine.StackTraceUtility:ExtractStackTrace ()
UnityEngine.DebugLogHandler:LogFormat (UnityEngine.LogType,UnityEngine.Object,string,object[])
UnityEngine.Logger:Log (UnityEngine.LogType,object,UnityEngine.Object)
UnityEngine.Debug:LogError (object,UnityEngine.Object)
UdonSharp.UdonSharpUtils:LogError (object,UnityEngine.Object) (at ./Packages/com.vrchat.worlds/Integrations/UdonSharp/Editor/UdonSharpUtils.cs:329)
UdonSharp.Compiler.UdonSharpCompilerV1:Compile (UdonSharp.Compiler.UdonSharpCompileOptions) (at ./Packages/com.vrchat.worlds/Integrations/UdonSharp/Editor/Compiler/UdonSharpCompilerV1.cs:285)
UdonSharp.Compiler.UdonSharpCompilerV1:CompileSync (UdonSharp.Compiler.UdonSharpCompileOptions) (at ./Packages/com.vrchat.worlds/Integrations/UdonSharp/Editor/Compiler/UdonSharpCompilerV1.cs:242)
UdonSharpEditor.UdonSharpEditorManager:UpgradeAssetsIfNeeded () (at ./Packages/com.vrchat.worlds/Integrations/UdonSharp/Editor/UdonSharpEditorManager.cs:874)
UdonSharpEditor.UdonSharpEditorManager:RunAllUpgrades () (at ./Packages/com.vrchat.worlds/Integrations/UdonSharp/Editor/UdonSharpEditorManager.cs:1689)
UdonSharpEditor.UdonSharpEditorManager:RunPostAssemblyBuildRefresh () (at ./Packages/com.vrchat.worlds/Integrations/UdonSharp/Editor/UdonSharpEditorManager.cs:132)
UnityEditor.AssemblyReloadEvents:OnAfterAssemblyReload ()

(Filename: ./Packages/com.vrchat.worlds/Integrations/UdonSharp/Editor/UdonSharpUtils.cs Line: 329)

[<color=#FF00FF>UdonSharp</color>] U# scripts have compile errors, prefab upgrade deferred until script errors are resolved.
UnityEngine.StackTraceUtility:ExtractStackTrace ()
UnityEngine.DebugLogHandler:LogFormat (UnityEngine.LogType,UnityEngine.Object,string,object[])
UnityEngine.Logger:Log (UnityEngine.LogType,object)
UnityEngine.Debug:LogWarning (object)
UdonSharp.UdonSharpUtils:LogWarning (object) (at ./Packages/com.vrchat.worlds/Integrations/UdonSharp/Editor/UdonSharpUtils.cs:314)
UdonSharpEditor.UdonSharpEditorManager:UpgradeAssetsIfNeeded () (at ./Packages/com.vrchat.worlds/Integrations/UdonSharp/Editor/UdonSharpEditorManager.cs:878)
UdonSharpEditor.UdonSharpEditorManager:RunAllUpgrades () (at ./Packages/com.vrchat.worlds/Integrations/UdonSharp/Editor/UdonSharpEditorManager.cs:1689)
UdonSharpEditor.UdonSharpEditorManager:RunPostAssemblyBuildRefresh () (at ./Packages/com.vrchat.worlds/Integrations/UdonSharp/Editor/UdonSharpEditorManager.cs:132)
UnityEditor.AssemblyReloadEvents:OnAfterAssemblyReload ()

(Filename: ./Packages/com.vrchat.worlds/Integrations/UdonSharp/Editor/UdonSharpUtils.cs Line: 314)

[<color=#FF00FF>UdonSharp</color>] Source C# script on InteractRecorder Udon C# Program Asset (UdonSharp.UdonSharpProgramAsset) is null
UnityEngine.StackTraceUtility:ExtractStackTrace ()
UnityEngine.DebugLogHandler:LogFormat (UnityEngine.LogType,UnityEngine.Object,string,object[])
UnityEngine.Logger:Log (UnityEngine.LogType,object,UnityEngine.Object)
UnityEngine.Debug:LogError (object,UnityEngine.Object)
UdonSharp.UdonSharpUtils:LogError (object,UnityEngine.Object) (at ./Packages/com.vrchat.worlds/Integrations/UdonSharp/Editor/UdonSharpUtils.cs:329)
UdonSharp.Compiler.UdonSharpCompilerV1:Compile (UdonSharp.Compiler.UdonSharpCompileOptions) (at ./Packages/com.vrchat.worlds/Integrations/UdonSharp/Editor/Compiler/UdonSharpCompilerV1.cs:285)
UdonSharp.UdonSharpProgramAsset:CompileAllCsPrograms (bool,bool) (at ./Packages/com.vrchat.worlds/Integrations/UdonSharp/Editor/UdonSharpProgramAsset.cs:295)
UdonSharpEditor.UdonSharpEditorUtility:UpgradeSceneBehaviours (System.Collections.Generic.IEnumerable`1<VRC.Udon.UdonBehaviour>) (at ./Packages/com.vrchat.worlds/Integrations/UdonSharp/Editor/UdonSharpEditorUtility.cs:650)
UdonSharpEditor.UdonSharpEditorManager:RunAllUpgrades () (at ./Packages/com.vrchat.worlds/Integrations/UdonSharp/Editor/UdonSharpEditorManager.cs:1694)
UdonSharpEditor.UdonSharpEditorManager:RunPostAssemblyBuildRefresh () (at ./Packages/com.vrchat.worlds/Integrations/UdonSharp/Editor/UdonSharpEditorManager.cs:132)
UnityEditor.AssemblyReloadEvents:OnAfterAssemblyReload ()

(Filename: ./Packages/com.vrchat.worlds/Integrations/UdonSharp/Editor/UdonSharpUtils.cs Line: 329)

[<color=#FF00FF>UdonSharp</color>] Source C# script on InteractRecorder Udon C# Program Asset (UdonSharp.UdonSharpProgramAsset) is null
UnityEngine.StackTraceUtility:ExtractStackTrace ()
UnityEngine.DebugLogHandler:LogFormat (UnityEngine.LogType,UnityEngine.Object,string,object[])
UnityEngine.Logger:Log (UnityEngine.LogType,object,UnityEngine.Object)
UnityEngine.Debug:LogError (object,UnityEngine.Object)
UdonSharp.UdonSharpUtils:LogError (object,UnityEngine.Object) (at ./Packages/com.vrchat.worlds/Integrations/UdonSharp/Editor/UdonSharpUtils.cs:329)
UdonSharp.Compiler.UdonSharpCompilerV1:Compile (UdonSharp.Compiler.UdonSharpCompileOptions) (at ./Packages/com.vrchat.worlds/Integrations/UdonSharp/Editor/Compiler/UdonSharpCompilerV1.cs:285)
UdonSharp.Compiler.UdonSharpCompilerV1:CompileSync (UdonSharp.Compiler.UdonSharpCompileOptions) (at ./Packages/com.vrchat.worlds/Integrations/UdonSharp/Editor/Compiler/UdonSharpCompilerV1.cs:242)
UdonSharpEditor.UdonSharpEditorUtility:UpgradeSceneBehaviours (System.Collections.Generic.IEnumerable`1<VRC.Udon.UdonBehaviour>) (at ./Packages/com.vrchat.worlds/Integrations/UdonSharp/Editor/UdonSharpEditorUtility.cs:656)
UdonSharpEditor.UdonSharpEditorManager:RunAllUpgrades () (at ./Packages/com.vrchat.worlds/Integrations/UdonSharp/Editor/UdonSharpEditorManager.cs:1694)
UdonSharpEditor.UdonSharpEditorManager:RunPostAssemblyBuildRefresh () (at ./Packages/com.vrchat.worlds/Integrations/UdonSharp/Editor/UdonSharpEditorManager.cs:132)
UnityEditor.AssemblyReloadEvents:OnAfterAssemblyReload ()

(Filename: ./Packages/com.vrchat.worlds/Integrations/UdonSharp/Editor/UdonSharpUtils.cs Line: 329)

[<color=#FF00FF>UdonSharp</color>] U# scripts have compile errors, scene upgrade deferred until script errors are resolved.
UnityEngine.StackTraceUtility:ExtractStackTrace ()
UnityEngine.DebugLogHandler:LogFormat (UnityEngine.LogType,UnityEngine.Object,string,object[])
UnityEngine.Logger:Log (UnityEngine.LogType,object)
UnityEngine.Debug:LogError (object)
UdonSharp.UdonSharpUtils:LogError (object) (at ./Packages/com.vrchat.worlds/Integrations/UdonSharp/Editor/UdonSharpUtils.cs:324)
UdonSharpEditor.UdonSharpEditorUtility:UpgradeSceneBehaviours (System.Collections.Generic.IEnumerable`1<VRC.Udon.UdonBehaviour>) (at ./Packages/com.vrchat.worlds/Integrations/UdonSharp/Editor/UdonSharpEditorUtility.cs:660)
UdonSharpEditor.UdonSharpEditorManager:RunAllUpgrades () (at ./Packages/com.vrchat.worlds/Integrations/UdonSharp/Editor/UdonSharpEditorManager.cs:1694)
UdonSharpEditor.UdonSharpEditorManager:RunPostAssemblyBuildRefresh () (at ./Packages/com.vrchat.worlds/Integrations/UdonSharp/Editor/UdonSharpEditorManager.cs:132)
UnityEditor.AssemblyReloadEvents:OnAfterAssemblyReload ()

(Filename: ./Packages/com.vrchat.worlds/Integrations/UdonSharp/Editor/UdonSharpUtils.cs Line: 324)

[<color=#FF00FF>UdonSharp</color>] Source C# script on InteractRecorder Udon C# Program Asset (UdonSharp.UdonSharpProgramAsset) is null
UnityEngine.StackTraceUtility:ExtractStackTrace ()
UnityEngine.DebugLogHandler:LogFormat (UnityEngine.LogType,UnityEngine.Object,string,object[])
UnityEngine.Logger:Log (UnityEngine.LogType,object,UnityEngine.Object)
UnityEngine.Debug:LogError (object,UnityEngine.Object)
UdonSharp.UdonSharpUtils:LogError (object,UnityEngine.Object) (at ./Packages/com.vrchat.worlds/Integrations/UdonSharp/Editor/UdonSharpUtils.cs:329)
UdonSharp.Compiler.UdonSharpCompilerV1:Compile (UdonSharp.Compiler.UdonSharpCompileOptions) (at ./Packages/com.vrchat.worlds/Integrations/UdonSharp/Editor/Compiler/UdonSharpCompilerV1.cs:285)
UdonSharp.UdonSharpProgramAsset:CompileAllCsPrograms (bool,bool) (at ./Packages/com.vrchat.worlds/Integrations/UdonSharp/Editor/UdonSharpProgramAsset.cs:295)
UdonSharpEditor.UdonSharpEditorManager:RunPostAssemblyBuildRefresh () (at ./Packages/com.vrchat.worlds/Integrations/UdonSharp/Editor/UdonSharpEditorManager.cs:133)
UnityEditor.AssemblyReloadEvents:OnAfterAssemblyReload ()

(Filename: ./Packages/com.vrchat.worlds/Integrations/UdonSharp/Editor/UdonSharpUtils.cs Line: 329)

- Finished resetting the current domain, in  1.461 seconds
Domain Reload Profiling: 2261ms
	BeginReloadAssembly (71ms)
		ExecutionOrderSort (0ms)
		DisableScriptedObjects (3ms)
		BackupInstance (0ms)
		ReleaseScriptingObjects (0ms)
		CreateAndSetChildDomain (12ms)
	RebuildCommonClasses (17ms)
	RebuildNativeTypeToScriptingClass (5ms)
	initialDomainReloadingComplete (21ms)
	LoadAllAssembliesAndSetupDomain (685ms)
		LoadAssemblies (296ms)
		RebuildTransferFunctionScriptingTraits (0ms)
		AnalyzeDomain (418ms)
			TypeCache.Refresh (401ms)
				TypeCache.ScanAssembly (382ms)
			ScanForSourceGeneratedMonoScriptInfo (13ms)
			ResolveRequiredComponents (4ms)
	FinalizeReload (1461ms)
		ReleaseScriptCaches (0ms)
		RebuildScriptCaches (0ms)
		SetupLoadedEditorAssemblies (680ms)
			LogAssemblyErrors (0ms)
			InitializePlatformSupportModulesInManaged (15ms)
			SetLoadedEditorAssemblies (3ms)
			RefreshPlugins (0ms)
			BeforeProcessingInitializeOnLoad (40ms)
			ProcessInitializeOnLoadAttributes (425ms)
			ProcessInitializeOnLoadMethodAttributes (194ms)
			AfterProcessingInitializeOnLoad (3ms)
			EditorAssembliesLoaded (0ms)
		ExecutionOrderSort2 (0ms)
		AwakeInstancesAfterBackupRestoration (5ms)
Launched and connected shader compiler UnityShaderCompiler.exe after 0.04 seconds
Refreshing native plugins compatible for Editor in 8.12 ms, found 6 plugins.
Preloading 2 native plugins for Editor in 0.07 ms.
Unloading 3216 Unused Serialized files (Serialized files now loaded: 0)
Unloading 133 unused Assets / (1.4 MB). Loaded Objects now: 3733.
Memory consumption went from 151.0 MB to 149.6 MB.
Total: 13.382200 ms (FindLiveObjects: 0.169600 ms CreateObjectMapping: 0.050300 ms MarkObjects: 12.883800 ms  DeleteObjects: 0.277400 ms)

AssetImportParameters requested are different than current active one (requested -> active):
  custom:video-decoder-webm-vp8: 9c59270c3fd7afecdb556c50c9e8de78 -> 
  custom:SearchIndexIgnoredProperties: e643bd26f0fe6173181afceb89e7c659 -> 
  custom:container-demuxer-ogg: 62fdf1f143b41e24485cea50d1cbac27 -> 
  custom:AudioImporter_EditorPlatform: d09bf68614088b80899f8185d706f6e7 -> 
  custom:video-codec-MediaFoundation-h265: 746d11721c4dcdbdad8f713fa42b33f4 -> 
  custom:video-decoder-ogg-theora: a1e56fd34408186e4bbccfd4996cb3dc -> 
  custom:framework-win-MediaFoundation: 216162199b28c13a410421893ffa2e32 -> 
  custom:video-encoder-webm-vp8: eb34c28f22e8b96e1ab97ce403110664 -> 
  custom:audio-decoder-ogg-vorbis: bf7c407c2cedff20999df2af8eb42d56 -> 
  custom:CustomObjectIndexerAttribute: 756ad292c208cfabdd7b50bc23989ffe -> 
  custom:container-demuxer-webm: 4f35f7cbe854078d1ac9338744f61a02 -> 
  custom:audio-encoder-webm-vorbis: bf7c407c2cedff20999df2af8eb42d56 -> 
  custom:container-muxer-webm: aa71ff27fc2769a1b78a27578f13a17b -> 
========================================================================
Received Import Request.
  Time since last request: 98532.985407 seconds.
  path: Assets/Prefabs/InteractRecorder.prefab
  artifactKey: Guid(9b75f9422f32f564daca8a5f6dc60183) Importer(2089858483,0ecaa5967403d082aa24f35e1b516d23)
Start importing Assets/Prefabs/InteractRecorder.prefab using Guid(9b75f9422f32f564daca8a5f6dc60183) Importer(2089858483,0ecaa5967403d082aa24f35e1b516d23)  -> (artifact id: '1b2f2f0abd3d14d20710d3fc185290d0') in 0.171855 seconds
Number of updated asset objects reloaded before import = 0
Number of asset objects unloaded after import = 14
========================================================================
Received Import Request.
  Time since last request: 0.000022 seconds.
  path: Assets/SerializedUdonPrograms/699261d683532df468f1ed17ff8c8cf1.asset
  artifactKey: Guid(baf4770d2f63da64eb4556679302018c) Importer(2089858483,0ecaa5967403d082aa24f35e1b516d23)
Start importing Assets/SerializedUdonPrograms/699261d683532df468f1ed17ff8c8cf1.asset using Guid(baf4770d2f63da64eb4556679302018c) Importer(2089858483,0ecaa5967403d082aa24f35e1b516d23)  -> (artifact id: '0585caa40362e185e64d4496e9cc13e8') in 0.014605 seconds
Number of updated asset objects reloaded before import = 0
Number of asset objects unloaded after import = 1
========================================================================
Received Import Request.
  Time since last request: 0.000072 seconds.
  path: Assets/SerializedUdonPrograms/3053cc98f03a13041a10e0650d9b6e24.asset
  artifactKey: Guid(49283f84c88437b44bacb23fb8dfad27) Importer(2089858483,0ecaa5967403d082aa24f35e1b516d23)
Start importing Assets/SerializedUdonPrograms/3053cc98f03a13041a10e0650d9b6e24.asset using Guid(49283f84c88437b44bacb23fb8dfad27) Importer(2089858483,0ecaa5967403d082aa24f35e1b516d23)  -> (artifact id: '8198908de39d43ed9c78cec9deb79169') in 0.015333 seconds
Number of updated asset objects reloaded before import = 0
Number of asset objects unloaded after import = 1
========================================================================
Received Import Request.
  Time since last request: 0.000061 seconds.
  path: Assets/Scenes/VRCDefaultWorldScene/SampleAssetsSet_V1_phong1_MetallicSmoothness.png
  artifactKey: Guid(04fc455faed1d0d4eb62bf35f10caa93) Importer(2089858483,0ecaa5967403d082aa24f35e1b516d23)
Start importing Assets/Scenes/VRCDefaultWorldScene/SampleAssetsSet_V1_phong1_MetallicSmoothness.png using Guid(04fc455faed1d0d4eb62bf35f10caa93) Importer(2089858483,0ecaa5967403d082aa24f35e1b516d23)  -> (artifact id: '5191c338b5a4b5d3e4dc4637ea872896') in 0.074728 seconds
Number of updated asset objects reloaded before import = 0
Number of asset objects unloaded after import = 1
========================================================================
Received Import Request.
  Time since last request: 0.000019 seconds.
  path: Assets/Scenes/VRCDefaultWorldScene/GridFloor_udon.png
  artifactKey: Guid(39faf60563e1e5341b25fd40d648c061) Importer(2089858483,0ecaa5967403d082aa24f35e1b516d23)
Start importing Assets/Scenes/VRCDefaultWorldScene/GridFloor_udon.png using Guid(39faf60563e1e5341b25fd40d648c061) Importer(2089858483,0ecaa5967403d082aa24f35e1b516d23)  -> (artifact id: '865b102b57003bfd5a822dfbe63fae1f') in 0.029727 seconds
Number of updated asset objects reloaded before import = 0
Number of asset objects unloaded after import = 1
========================================================================
Received Import Request.
  Time since last request: 0.000018 seconds.
  path: Assets/Scenes/VRCDefaultWorldScene/GridFloor_udon.mat
  artifactKey: Guid(03a59cafe16d28341896c691aeaf1618) Importer(2089858483,0ecaa5967403d082aa24f35e1b516d23)
Start importing Assets/Scenes/VRCDefaultWorldScene/GridFloor_udon.mat using Guid(03a59cafe16d28341896c691aeaf1618) Importer(2089858483,0ecaa5967403d082aa24f35e1b516d23)  -> (artifact id: '644a059436c72b6ed60f3044c53ba606') in 0.028166 seconds
Number of updated asset objects reloaded before import = 0
Number of asset objects unloaded after import = 2
========================================================================
Received Import Request.
  Time since last request: 0.000011 seconds.
  path: Assets/SerializedUdonPrograms/96ee11c7074d21e4f84d189ad35d45fc.asset
  artifactKey: Guid(b3de635157e6e184194ff535c80f7ca7) Importer(2089858483,0ecaa5967403d082aa24f35e1b516d23)
Start importing Assets/SerializedUdonPrograms/96ee11c7074d21e4f84d189ad35d45fc.asset using Guid(b3de635157e6e184194ff535c80f7ca7) Importer(2089858483,0ecaa5967403d082aa24f35e1b516d23)  -> (artifact id: '01a7803589dc5b83de2759af6f492473') in 0.007894 seconds
Number of updated asset objects reloaded before import = 0
Number of asset objects unloaded after import = 1
========================================================================
Received Import Request.
  Time since last request: 0.000052 seconds.
  path: Assets/ReadMe/ReadMe(OutputLogLoader).txt
  artifactKey: Guid(d55d98d80566b1941b7dfddcdd427ac3) Importer(2089858483,0ecaa5967403d082aa24f35e1b516d23)
Start importing Assets/ReadMe/ReadMe(OutputLogLoader).txt using Guid(d55d98d80566b1941b7dfddcdd427ac3) Importer(2089858483,0ecaa5967403d082aa24f35e1b516d23)  -> (artifact id: 'b2c7405f3f6373c2449c142902d22129') in 0.011613 seconds
Number of updated asset objects reloaded before import = 0
Number of asset objects unloaded after import = 1
========================================================================
Received Import Request.
  Time since last request: 0.000014 seconds.
  path: Assets/SerializedUdonPrograms/4eb7aa2be7d95324ea25c03bf1cab34f.asset
  artifactKey: Guid(4a0e3b78c72b39e4e9ea96000d5b13cc) Importer(2089858483,0ecaa5967403d082aa24f35e1b516d23)
Start importing Assets/SerializedUdonPrograms/4eb7aa2be7d95324ea25c03bf1cab34f.asset using Guid(4a0e3b78c72b39e4e9ea96000d5b13cc) Importer(2089858483,0ecaa5967403d082aa24f35e1b516d23)  -> (artifact id: 'd96e9c227408c5425fdf59258e984d01') in 0.008696 seconds
Number of updated asset objects reloaded before import = 0
Number of asset objects unloaded after import = 1
========================================================================
Received Import Request.
  Time since last request: 0.000060 seconds.
  path: Assets/Scenes/VRCDefaultWorldScene/SampleAssetsSet_V1_phong1_Normal.png
  artifactKey: Guid(83327763a7ac03b44aa565009881640c) Importer(2089858483,0ecaa5967403d082aa24f35e1b516d23)
Start importing Assets/Scenes/VRCDefaultWorldScene/SampleAssetsSet_V1_phong1_Normal.png using Guid(83327763a7ac03b44aa565009881640c) Importer(2089858483,0ecaa5967403d082aa24f35e1b516d23)  -> (artifact id: '6a13b49ae5fa4c4217615a25b37343c9') in 0.024524 seconds
Number of updated asset objects reloaded before import = 0
Number of asset objects unloaded after import = 1
========================================================================
Received Import Request.
  Time since last request: 0.000042 seconds.
  path: Assets/SerializedUdonPrograms/853a35cf0f51df6498d68490a1f662e3.asset
  artifactKey: Guid(b1ca4bf230569934d83f9113bf41def4) Importer(2089858483,0ecaa5967403d082aa24f35e1b516d23)
Start importing Assets/SerializedUdonPrograms/853a35cf0f51df6498d68490a1f662e3.asset using Guid(b1ca4bf230569934d83f9113bf41def4) Importer(2089858483,0ecaa5967403d082aa24f35e1b516d23)  -> (artifact id: '2e6a25bb1e1f29efd5bc8bdd3b03224e') in 0.008463 seconds
Number of updated asset objects reloaded before import = 0
Number of asset objects unloaded after import = 1
========================================================================
Received Import Request.
  Time since last request: 0.000017 seconds.
  path: Assets/SerializedUdonPrograms/acd8738ca64f5a9448dfb040d1f2e4d5.asset
  artifactKey: Guid(06313a7931b409e4b908e9f3cde242ec) Importer(2089858483,0ecaa5967403d082aa24f35e1b516d23)
Start importing Assets/SerializedUdonPrograms/acd8738ca64f5a9448dfb040d1f2e4d5.asset using Guid(06313a7931b409e4b908e9f3cde242ec) Importer(2089858483,0ecaa5967403d082aa24f35e1b516d23)  -> (artifact id: 'eab6591440512f76637b257a5101d96b') in 0.008385 seconds
Number of updated asset objects reloaded before import = 0
Number of asset objects unloaded after import = 1
========================================================================
Received Import Request.
  Time since last request: 0.000028 seconds.
  path: Assets/Scripts/Editor/HUMRImportFBXSettings.cs
  artifactKey: Guid(6c44bec911acb8440956ec41de8900c8) Importer(2089858483,0ecaa5967403d082aa24f35e1b516d23)
Start importing Assets/Scripts/Editor/HUMRImportFBXSettings.cs using Guid(6c44bec911acb8440956ec41de8900c8) Importer(2089858483,0ecaa5967403d082aa24f35e1b516d23)  -> (artifact id: 'c991ea41c6d89d9a9d72fa68360de5c3') in 0.008834 seconds
Number of updated asset objects reloaded before import = 0
Number of asset objects unloaded after import = 1
========================================================================
Received Import Request.
  Time since last request: 0.000067 seconds.
  path: Assets/Scenes 1/SampleScene_UdonProgramSources/InteractRecorder Udon C# Program Asset.asset
  artifactKey: Guid(997d4fc38270bc34aa5102ad8b482f77) Importer(2089858483,0ecaa5967403d082aa24f35e1b516d23)
Start importing Assets/Scenes 1/SampleScene_UdonProgramSources/InteractRecorder Udon C# Program Asset.asset using Guid(997d4fc38270bc34aa5102ad8b482f77) Importer(2089858483,0ecaa5967403d082aa24f35e1b516d23)  -> (artifact id: 'e7c900262147ed37cddfba1dd00863d0') in 0.021832 seconds
Number of updated asset objects reloaded before import = 0
Number of asset objects unloaded after import = 1
========================================================================
Received Import Request.
  Time since last request: 0.000011 seconds.
  path: Assets/Scenes/VRCDefaultWorldScene/SampleAssets_matte.mat
  artifactKey: Guid(2263e967d70a24f47930ed2cbd83211a) Importer(2089858483,0ecaa5967403d082aa24f35e1b516d23)
Start importing Assets/Scenes/VRCDefaultWorldScene/SampleAssets_matte.mat using Guid(2263e967d70a24f47930ed2cbd83211a) Importer(2089858483,0ecaa5967403d082aa24f35e1b516d23)  -> (artifact id: '210931366b4937bbe3e6e436c0b444f4') in 0.083099 seconds
Number of updated asset objects reloaded before import = 0
Number of asset objects unloaded after import = 4
========================================================================
Received Import Request.
  Time since last request: 0.000010 seconds.
  path: Assets/UdonSharp/UtilityScripts/PlayerModSetter.asset
  artifactKey: Guid(667c46fd2864a124ea921d98d4914fe5) Importer(2089858483,0ecaa5967403d082aa24f35e1b516d23)
Start importing Assets/UdonSharp/UtilityScripts/PlayerModSetter.asset using Guid(667c46fd2864a124ea921d98d4914fe5) Importer(2089858483,0ecaa5967403d082aa24f35e1b516d23)  -> (artifact id: 'b59065dc33202fc7dc8276b4887dbf81') in 0.008696 seconds
Number of updated asset objects reloaded before import = 0
Number of asset objects unloaded after import = 1
========================================================================
Received Import Request.
  Time since last request: 0.000023 seconds.
  path: Assets/UdonSharp/UtilityScripts/ExampleUtilityTemplate.txt
  artifactKey: Guid(8b953b0aef25b204eb36afc5968f41b7) Importer(2089858483,0ecaa5967403d082aa24f35e1b516d23)
Start importing Assets/UdonSharp/UtilityScripts/ExampleUtilityTemplate.txt using Guid(8b953b0aef25b204eb36afc5968f41b7) Importer(2089858483,0ecaa5967403d082aa24f35e1b516d23)  -> (artifact id: '98d6df927189605fda8383d6d164ca0f') in 0.009025 seconds
Number of updated asset objects reloaded before import = 0
Number of asset objects unloaded after import = 1
========================================================================
Received Import Request.
  Time since last request: 0.000013 seconds.
  path: Assets/Scenes/VRCDefaultWorldScene/ImageMaterial.mat
  artifactKey: Guid(94e07faf4a457464fb190c3ee7873afa) Importer(2089858483,0ecaa5967403d082aa24f35e1b516d23)
Start importing Assets/Scenes/VRCDefaultWorldScene/ImageMaterial.mat using Guid(94e07faf4a457464fb190c3ee7873afa) Importer(2089858483,0ecaa5967403d082aa24f35e1b516d23)  -> (artifact id: '375caf424e2f127e4f7ca5fd0d027fcf') in 0.011955 seconds
Number of updated asset objects reloaded before import = 0
Number of asset objects unloaded after import = 1
========================================================================
Received Import Request.
  Time since last request: 0.000012 seconds.
  path: Assets/SerializedUdonPrograms/18a8a73823b22934e929c67357a4e2d7.asset
  artifactKey: Guid(4deda859b98b70444af3f7058f612f77) Importer(2089858483,0ecaa5967403d082aa24f35e1b516d23)
Start importing Assets/SerializedUdonPrograms/18a8a73823b22934e929c67357a4e2d7.asset using Guid(4deda859b98b70444af3f7058f612f77) Importer(2089858483,0ecaa5967403d082aa24f35e1b516d23)  -> (artifact id: '8c70df7399d7016afc0f723e5e6a6f8d') in 0.006716 seconds
Number of updated asset objects reloaded before import = 0
Number of asset objects unloaded after import = 1
========================================================================
Received Import Request.
  Time since last request: 0.000010 seconds.
  path: Assets/XR/XRGeneralSettings.asset
  artifactKey: Guid(8141e4a7f2b3fce4aaa14c3754785a87) Importer(2089858483,0ecaa5967403d082aa24f35e1b516d23)
Start importing Assets/XR/XRGeneralSettings.asset using Guid(8141e4a7f2b3fce4aaa14c3754785a87) Importer(2089858483,0ecaa5967403d082aa24f35e1b516d23)  -> (artifact id: 'cf76f3557b8f52dc51a5dd83b43e3783') in 0.014705 seconds
Number of updated asset objects reloaded before import = 0
Number of asset objects unloaded after import = 6
========================================================================
Received Import Request.
  Time since last request: 0.000011 seconds.
  path: Assets/SerializedUdonPrograms/3d024fda64377514ab33fa3baefec378.asset
  artifactKey: Guid(b176b4b607df4914eaa20d5fca73938d) Importer(2089858483,0ecaa5967403d082aa24f35e1b516d23)
Start importing Assets/SerializedUdonPrograms/3d024fda64377514ab33fa3baefec378.asset using Guid(b176b4b607df4914eaa20d5fca73938d) Importer(2089858483,0ecaa5967403d082aa24f35e1b516d23)  -> (artifact id: '32038ff23ba66f62b0d8c6b2520fb6e4') in 0.007834 seconds
Number of updated asset objects reloaded before import = 0
Number of asset objects unloaded after import = 1
========================================================================
Received Import Request.
  Time since last request: 0.000024 seconds.
  path: Assets/SerializedUdonPrograms/49ba99e73d9ab4349871a10f182ee457.asset
  artifactKey: Guid(d38e93c7a0d979b4d9fe634da1624a8c) Importer(2089858483,0ecaa5967403d082aa24f35e1b516d23)
Start importing Assets/SerializedUdonPrograms/49ba99e73d9ab4349871a10f182ee457.asset using Guid(d38e93c7a0d979b4d9fe634da1624a8c) Importer(2089858483,0ecaa5967403d082aa24f35e1b516d23)  -> (artifact id: 'a24ab9bb5c47a8a79eefa1d02dcf3a2f') in 0.008074 seconds
Number of updated asset objects reloaded before import = 0
Number of asset objects unloaded after import = 1
========================================================================
Received Import Request.
  Time since last request: 0.000013 seconds.
  path: Assets/UdonSharp/UtilityScripts/Synced/GlobalToggleObject.cs
  artifactKey: Guid(a3d8ddeb56f3a0c4daf49fe9d7447a3e) Importer(2089858483,0ecaa5967403d082aa24f35e1b516d23)
Start importing Assets/UdonSharp/UtilityScripts/Synced/GlobalToggleObject.cs using Guid(a3d8ddeb56f3a0c4daf49fe9d7447a3e) Importer(2089858483,0ecaa5967403d082aa24f35e1b516d23)  -> (artifact id: 'f82968b6b57d094af6eb106cc7c2dcc5') in 0.008846 seconds
Number of updated asset objects reloaded before import = 0
Number of asset objects unloaded after import = 1
========================================================================
Received Import Request.
  Time since last request: 0.000019 seconds.
  path: Assets/Scenes/VRCDefaultWorldScene/SampleAssetsSet_V1_phong1_AlbedoTransparency.png
  artifactKey: Guid(f062a8ad14a668d4189aa400decd0059) Importer(2089858483,0ecaa5967403d082aa24f35e1b516d23)
Start importing Assets/Scenes/VRCDefaultWorldScene/SampleAssetsSet_V1_phong1_AlbedoTransparency.png using Guid(f062a8ad14a668d4189aa400decd0059) Importer(2089858483,0ecaa5967403d082aa24f35e1b516d23)  -> (artifact id: 'a6a7b1cb0310c6d9d35a3f1111a07066') in 0.027023 seconds
Number of updated asset objects reloaded before import = 0
Number of asset objects unloaded after import = 1
========================================================================
Received Import Request.
  Time since last request: 0.000031 seconds.
  path: Assets/Scripts/Editor/OutputLogLoaderEditor.cs
  artifactKey: Guid(4fcc1be67b41d8645b87c1511e86292b) Importer(2089858483,0ecaa5967403d082aa24f35e1b516d23)
Start importing Assets/Scripts/Editor/OutputLogLoaderEditor.cs using Guid(4fcc1be67b41d8645b87c1511e86292b) Importer(2089858483,0ecaa5967403d082aa24f35e1b516d23)  -> (artifact id: 'c3435e8b4369ca5bc96c52bfd710a91e') in 0.012215 seconds
Number of updated asset objects reloaded before import = 0
Number of asset objects unloaded after import = 1
========================================================================
Received Import Request.
  Time since last request: 0.000017 seconds.
  path: Assets/SerializedUdonPrograms/fa52d8b703fd906459112715b1ef1f3a.asset
  artifactKey: Guid(335fa3bd8efdf6d49b64a36ab213fd03) Importer(2089858483,0ecaa5967403d082aa24f35e1b516d23)
Start importing Assets/SerializedUdonPrograms/fa52d8b703fd906459112715b1ef1f3a.asset using Guid(335fa3bd8efdf6d49b64a36ab213fd03) Importer(2089858483,0ecaa5967403d082aa24f35e1b516d23)  -> (artifact id: '422315d34659ddc3f533d41fe9a7ddfc') in 0.011645 seconds
Number of updated asset objects reloaded before import = 0
Number of asset objects unloaded after import = 1
========================================================================
Received Import Request.
  Time since last request: 0.000048 seconds.
  path: Assets/Scripts/UdonSharp/HUMR.Recorder.cs
  artifactKey: Guid(9eb796a1efc67354a8646cce0902bf7b) Importer(2089858483,0ecaa5967403d082aa24f35e1b516d23)
Start importing Assets/Scripts/UdonSharp/HUMR.Recorder.cs using Guid(9eb796a1efc67354a8646cce0902bf7b) Importer(2089858483,0ecaa5967403d082aa24f35e1b516d23)  -> (artifact id: 'ee40c56cedd09a0bc4cd88584b6f28e1') in 0.011805 seconds
Number of updated asset objects reloaded before import = 0
Number of asset objects unloaded after import = 1
========================================================================
Received Import Request.
  Time since last request: 0.000060 seconds.
  path: Assets/SerializedUdonPrograms/602b3176ccd42624aa50f8afb7bc2d72.asset
  artifactKey: Guid(c83a59203a1b2394d87983e102f7041c) Importer(2089858483,0ecaa5967403d082aa24f35e1b516d23)
Start importing Assets/SerializedUdonPrograms/602b3176ccd42624aa50f8afb7bc2d72.asset using Guid(c83a59203a1b2394d87983e102f7041c) Importer(2089858483,0ecaa5967403d082aa24f35e1b516d23)  -> (artifact id: 'fee2bb3799ea6053313e7875423f16b0') in 0.012313 seconds
Number of updated asset objects reloaded before import = 0
Number of asset objects unloaded after import = 1
========================================================================
Received Import Request.
  Time since last request: 0.000020 seconds.
  path: Assets/XR/Loaders/OculusLoader.asset
  artifactKey: Guid(bbc286c0e890b644d90b2c55f0975d91) Importer(2089858483,0ecaa5967403d082aa24f35e1b516d23)
Start importing Assets/XR/Loaders/OculusLoader.asset using Guid(bbc286c0e890b644d90b2c55f0975d91) Importer(2089858483,0ecaa5967403d082aa24f35e1b516d23)  -> (artifact id: '0862ee1334f86cca34580672d8be587a') in 0.012693 seconds
Number of updated asset objects reloaded before import = 0
Number of asset objects unloaded after import = 1
========================================================================
Received Import Request.
  Time since last request: 0.000017 seconds.
  path: Assets/UdonSharp/UtilityScripts/Synced/MasterToggleObject.asset
  artifactKey: Guid(a3b924aa5d416d94c86ddd019ccb8441) Importer(2089858483,0ecaa5967403d082aa24f35e1b516d23)
Start importing Assets/UdonSharp/UtilityScripts/Synced/MasterToggleObject.asset using Guid(a3b924aa5d416d94c86ddd019ccb8441) Importer(2089858483,0ecaa5967403d082aa24f35e1b516d23)  -> (artifact id: '9e827aa6c777cf3085adf18d596c3cff') in 0.014739 seconds
Number of updated asset objects reloaded before import = 0
Number of asset objects unloaded after import = 1
========================================================================
Received Prepare
Begin MonoManager ReloadAssembly
IOException: Sharing violation on path C:\Users\daric\AppData\Local\VRChatProjects\Worldtest\Library\UdonSharpCache\UdonSharpEditorCache.dat
  at System.IO.FileStream..ctor (System.String path, System.IO.FileMode mode, System.IO.FileAccess access, System.IO.FileShare share, System.Int32 bufferSize, System.Boolean anonymous, System.IO.FileOptions options) [0x0019e] in <eef08f56e2e042f1b3027eca477293d9>:0 
  at System.IO.FileStream..ctor (System.String path, System.IO.FileMode mode, System.IO.FileAccess access, System.IO.FileShare share) [0x00000] in <eef08f56e2e042f1b3027eca477293d9>:0 
  at (wrapper remoting-invoke-with-check) System.IO.FileStream..ctor(string,System.IO.FileMode,System.IO.FileAccess,System.IO.FileShare)
  at System.IO.File.InternalWriteAllBytes (System.String path, System.Byte[] bytes) [0x00000] in <eef08f56e2e042f1b3027eca477293d9>:0 
  at System.IO.File.WriteAllBytes (System.String path, System.Byte[] bytes) [0x00039] in <eef08f56e2e042f1b3027eca477293d9>:0 
  at UdonSharp.UdonSharpEditorCache.SaveAllCacheData () [0x0006e] in .\Packages\com.vrchat.worlds\Integrations\UdonSharp\Editor\UdonSharpEditorCache.cs:168 
  at UdonSharp.UdonSharpEditorCache.AssemblyReloadSave () [0x00000] in .\Packages\com.vrchat.worlds\Integrations\UdonSharp\Editor\UdonSharpEditorCache.cs:152 
  at UnityEditor.AssemblyReloadEvents.OnBeforeAssemblyReload () [0x00017] in <347e3e2bef8c4deb82c9790c6e198135>:0 

(Filename: ./Packages/com.vrchat.worlds/Integrations/UdonSharp/Editor/UdonSharpEditorCache.cs Line: 168)

- Loaded All Assemblies, in  0.658 seconds
Refreshing native plugins compatible for Editor in 8.42 ms, found 7 plugins.
Native extension for WindowsStandalone target not found
Native extension for Android target not found
[Package Manager] Server::EnsureServerProcessIsRunning -- launch failed, reason: Unity was launched with the -noUpm command-line argument
[Package Manager] UpmClient::Send -- Unable to send message (not connected to UPM process).
[Package Manager] Cannot connect to Unity Package Manager local server
System.ArgumentNullException: Value cannot be null.
Parameter name: path
  at System.IO.Directory.CreateDirectory (System.String path) [0x00003] in <eef08f56e2e042f1b3027eca477293d9>:0 
  at VRC.SDKBase.Editor.VRCPackageSettings.EnsurePathExists () [0x0000b] in .\Packages\com.vrchat.base\Editor\VRCSDK\Dependencies\VRChat\VRCPackageSettings.cs:45 
  at VRC.SDKBase.Editor.VRCPackageSettings.Load () [0x00000] in .\Packages\com.vrchat.base\Editor\VRCSDK\Dependencies\VRChat\VRCPackageSettings.cs:50 
  at VRC.SDKBase.Editor.VRCPackageSettings.Create () [0x00005] in .\Packages\com.vrchat.base\Editor\VRCSDK\Dependencies\VRChat\VRCPackageSettings.cs:19 
  at VRC.SDKBase.Editor.SampleHintCreator..cctor () [0x00007] in .\Packages\com.vrchat.base\Editor\VRCSDK\SampleHintCreator.cs:18 
UnityEngine.StackTraceUtility:ExtractStackTrace ()
UnityEngine.DebugLogHandler:LogFormat (UnityEngine.LogType,UnityEngine.Object,string,object[])
UnityEngine.Logger:Log (UnityEngine.LogType,object)
UnityEngine.Debug:LogError (object)
UnityEditor.EditorAssemblies:ProcessInitializeOnLoadAttributes (System.Type[])

System.Reflection.TargetInvocationException: Exception has been thrown by the target of an invocation. ---> System.NullReferenceException: Object reference not set to an instance of an object
  at Unity.XR.Oculus.OculusLoader.AssetPathToAbsolutePath (System.String assetPath) [0x00040] in .\Library\PackageCache\com.unity.xr.oculus@4.0.0\Runtime\OculusLoader.cs:282 
  at Unity.XR.Oculus.OculusLoader.EditorLoadOVRPlugin () [0x0007b] in .\Library\PackageCache\com.unity.xr.oculus@4.0.0\Runtime\OculusLoader.cs:267 
  at (wrapper managed-to-native) System.Reflection.RuntimeMethodInfo.InternalInvoke(System.Reflection.RuntimeMethodInfo,object,object[],System.Exception&)
  at System.Reflection.RuntimeMethodInfo.Invoke (System.Object obj, System.Reflection.BindingFlags invokeAttr, System.Reflection.Binder binder, System.Object[] parameters, System.Globalization.CultureInfo culture) [0x0006a] in <eef08f56e2e042f1b3027eca477293d9>:0 
   --- End of inner exception stack trace ---
  at System.Reflection.RuntimeMethodInfo.Invoke (System.Object obj, System.Reflection.BindingFlags invokeAttr, System.Reflection.Binder binder, System.Object[] parameters, System.Globalization.CultureInfo culture) [0x00083] in <eef08f56e2e042f1b3027eca477293d9>:0 
  at System.Reflection.MethodBase.Invoke (System.Object obj, System.Object[] parameters) [0x00000] in <eef08f56e2e042f1b3027eca477293d9>:0 
  at UnityEditor.EditorAssemblies.ProcessInitializeOnLoadMethodAttributes () [0x000a5] in <347e3e2bef8c4deb82c9790c6e198135>:0 
UnityEngine.StackTraceUtility:ExtractStackTrace ()
UnityEngine.DebugLogHandler:LogFormat (UnityEngine.LogType,UnityEngine.Object,string,object[])
UnityEngine.Logger:Log (UnityEngine.LogType,object)
UnityEngine.Debug:LogError (object)
UnityEditor.EditorAssemblies:ProcessInitializeOnLoadMethodAttributes ()

Mono: successfully reloaded assembly
[Package Manager] Server::EnsureServerProcessIsRunning -- launch failed, reason: Unity was launched with the -noUpm command-line argument
[Package Manager] UpmClient::Send -- Unable to send message (not connected to UPM process).
[Package Manager] Cannot connect to Unity Package Manager local server
CreateSerializedAsset is not supported while importing out-of-process
UnityEngine.StackTraceUtility:ExtractStackTrace ()
UdonSharp.Updater.UdonSharpDataLocator:InitializeUdonSharpData () (at ./Packages/com.vrchat.worlds/Integrations/UdonSharp/Runtime/UdonSharpDataLocator.cs:75)
UdonSharp.Updater.UdonSharpDataLocator:get_DataPath () (at ./Packages/com.vrchat.worlds/Integrations/UdonSharp/Runtime/UdonSharpDataLocator.cs:44)
UdonSharp.Updater.UdonSharpLocator:get_SettingsPath () (at ./Packages/com.vrchat.worlds/Integrations/UdonSharp/Runtime/UdonSharpLocator.cs:49)
UdonSharpEditor.UdonSharpSettings:GetSettings () (at ./Packages/com.vrchat.worlds/Integrations/UdonSharp/Editor/Editors/UdonSharpSettings.cs:87)
UdonSharpEditor.UdonSharpSettings:GetScannerBlacklist () (at ./Packages/com.vrchat.worlds/Integrations/UdonSharp/Editor/Editors/UdonSharpSettings.cs:160)
UdonSharpEditor.UdonSharpSettings:FilterBlacklistedPaths (System.Collections.Generic.IEnumerable`1<string>) (at ./Packages/com.vrchat.worlds/Integrations/UdonSharp/Editor/Editors/UdonSharpSettings.cs:182)
UdonSharp.Compiler.CompilationContext:GetAllFilteredSourcePaths (bool) (at ./Packages/com.vrchat.worlds/Integrations/UdonSharp/Editor/Compiler/CompilationContext.cs:212)
UdonSharpEditor.UdonSharpUpgrader:UpgradeScripts (UdonSharp.UdonSharpProgramAsset[]) (at ./Packages/com.vrchat.worlds/Integrations/UdonSharp/Editor/UdonSharpUpgrader.cs:89)
UdonSharpEditor.UdonSharpUpgrader:UpgradeScripts () (at ./Packages/com.vrchat.worlds/Integrations/UdonSharp/Editor/UdonSharpUpgrader.cs:70)
UdonSharpEditor.UdonSharpEditorManager:RunAllUpgrades () (at ./Packages/com.vrchat.worlds/Integrations/UdonSharp/Editor/UdonSharpEditorManager.cs:1686)
UdonSharpEditor.UdonSharpEditorManager:RunPostAssemblyBuildRefresh () (at ./Packages/com.vrchat.worlds/Integrations/UdonSharp/Editor/UdonSharpEditorManager.cs:132)
UnityEditor.AssemblyReloadEvents:OnAfterAssemblyReload ()

[./Packages/com.vrchat.worlds/Integrations/UdonSharp/Runtime/UdonSharpDataLocator.cs line 75]

UnityException: Creating asset at path Assets/UdonSharp/UdonSharpDataLocator.asset failed.
  at (wrapper managed-to-native) UnityEditor.AssetDatabase.CreateAsset(UnityEngine.Object,string)
  at UdonSharp.Updater.UdonSharpDataLocator.InitializeUdonSharpData () [0x0005d] in .\Packages\com.vrchat.worlds\Integrations\UdonSharp\Runtime\UdonSharpDataLocator.cs:75 
  at UdonSharp.Updater.UdonSharpDataLocator.get_DataPath () [0x00065] in .\Packages\com.vrchat.worlds\Integrations\UdonSharp\Runtime\UdonSharpDataLocator.cs:44 
  at UdonSharp.Updater.UdonSharpLocator.get_SettingsPath () [0x00000] in .\Packages\com.vrchat.worlds\Integrations\UdonSharp\Runtime\UdonSharpLocator.cs:49 
  at UdonSharpEditor.UdonSharpSettings.GetSettings () [0x00012] in .\Packages\com.vrchat.worlds\Integrations\UdonSharp\Editor\Editors\UdonSharpSettings.cs:87 
  at UdonSharpEditor.UdonSharpSettings.GetScannerBlacklist () [0x00000] in .\Packages\com.vrchat.worlds\Integrations\UdonSharp\Editor\Editors\UdonSharpSettings.cs:160 
  at UdonSharpEditor.UdonSharpSettings.FilterBlacklistedPaths (System.Collections.Generic.IEnumerable`1[T] paths) [0x00006] in .\Packages\com.vrchat.worlds\Integrations\UdonSharp\Editor\Editors\UdonSharpSettings.cs:182 
  at UdonSharp.Compiler.CompilationContext.GetAllFilteredSourcePaths (System.Boolean isEditorBuild) [0x0006a] in .\Packages\com.vrchat.worlds\Integrations\UdonSharp\Editor\Compiler\CompilationContext.cs:212 
  at UdonSharpEditor.UdonSharpUpgrader.UpgradeScripts (UdonSharp.UdonSharpProgramAsset[] programAssets) [0x00039] in .\Packages\com.vrchat.worlds\Integrations\UdonSharp\Editor\UdonSharpUpgrader.cs:89 
  at UdonSharpEditor.UdonSharpUpgrader.UpgradeScripts () [0x00000] in .\Packages\com.vrchat.worlds\Integrations\UdonSharp\Editor\UdonSharpUpgrader.cs:70 
  at UdonSharpEditor.UdonSharpEditorManager.RunAllUpgrades () [0x00000] in .\Packages\com.vrchat.worlds\Integrations\UdonSharp\Editor\UdonSharpEditorManager.cs:1686 
  at UdonSharpEditor.UdonSharpEditorManager.RunPostAssemblyBuildRefresh () [0x0000a] in .\Packages\com.vrchat.worlds\Integrations\UdonSharp\Editor\UdonSharpEditorManager.cs:132 
  at UnityEditor.AssemblyReloadEvents.OnAfterAssemblyReload () [0x00017] in <347e3e2bef8c4deb82c9790c6e198135>:0 

(Filename: ./Packages/com.vrchat.worlds/Integrations/UdonSharp/Runtime/UdonSharpDataLocator.cs Line: 75)

- Finished resetting the current domain, in  1.340 seconds
Domain Reload Profiling: 1996ms
	BeginReloadAssembly (156ms)
		ExecutionOrderSort (0ms)
		DisableScriptedObjects (3ms)
		BackupInstance (0ms)
		ReleaseScriptingObjects (0ms)
		CreateAndSetChildDomain (82ms)
	RebuildCommonClasses (18ms)
	RebuildNativeTypeToScriptingClass (6ms)
	initialDomainReloadingComplete (25ms)
	LoadAllAssembliesAndSetupDomain (450ms)
		LoadAssemblies (260ms)
		RebuildTransferFunctionScriptingTraits (0ms)
		AnalyzeDomain (222ms)
			TypeCache.Refresh (215ms)
				TypeCache.ScanAssembly (204ms)
			ScanForSourceGeneratedMonoScriptInfo (4ms)
			ResolveRequiredComponents (4ms)
	FinalizeReload (1341ms)
		ReleaseScriptCaches (0ms)
		RebuildScriptCaches (0ms)
		SetupLoadedEditorAssemblies (484ms)
			LogAssemblyErrors (0ms)
			InitializePlatformSupportModulesInManaged (14ms)
			SetLoadedEditorAssemblies (5ms)
			RefreshPlugins (0ms)
			BeforeProcessingInitializeOnLoad (46ms)
			ProcessInitializeOnLoadAttributes (214ms)
			ProcessInitializeOnLoadMethodAttributes (203ms)
			AfterProcessingInitializeOnLoad (3ms)
			EditorAssembliesLoaded (0ms)
		ExecutionOrderSort2 (0ms)
		AwakeInstancesAfterBackupRestoration (4ms)
Refreshing native plugins compatible for Editor in 13.99 ms, found 7 plugins.
Preloading 2 native plugins for Editor in 0.10 ms.
Unloading 3409 Unused Serialized files (Serialized files now loaded: 0)
Unloading 97 unused Assets / (1.4 MB). Loaded Objects now: 4029.
Memory consumption went from 146.6 MB to 145.2 MB.
Total: 9.372300 ms (FindLiveObjects: 0.326200 ms CreateObjectMapping: 0.100600 ms MarkObjects: 8.454200 ms  DeleteObjects: 0.489100 ms)

Prepare: number of updated asset objects reloaded= 0
AssetImportParameters requested are different than current active one (requested -> active):
  custom:container-demuxer-ogg: 62fdf1f143b41e24485cea50d1cbac27 -> 
  custom:video-codec-MediaFoundation-h265: 746d11721c4dcdbdad8f713fa42b33f4 -> 
  custom:video-decoder-ogg-theora: a1e56fd34408186e4bbccfd4996cb3dc -> 
  custom:framework-win-MediaFoundation: 216162199b28c13a410421893ffa2e32 -> 
  custom:CustomObjectIndexerAttribute: 756ad292c208cfabdd7b50bc23989ffe -> 
  custom:container-demuxer-webm: 4f35f7cbe854078d1ac9338744f61a02 -> 
  custom:container-muxer-webm: aa71ff27fc2769a1b78a27578f13a17b -> 
  custom:video-decoder-webm-vp8: 9c59270c3fd7afecdb556c50c9e8de78 -> 
  custom:SearchIndexIgnoredProperties: e643bd26f0fe6173181afceb89e7c659 -> 
  custom:AudioImporter_EditorPlatform: d09bf68614088b80899f8185d706f6e7 -> 
  custom:video-encoder-webm-vp8: eb34c28f22e8b96e1ab97ce403110664 -> 
  custom:audio-decoder-ogg-vorbis: bf7c407c2cedff20999df2af8eb42d56 -> 
  custom:audio-encoder-webm-vorbis: bf7c407c2cedff20999df2af8eb42d56 -> 
========================================================================
Received Prepare
Refreshing native plugins compatible for Editor in 27.49 ms, found 7 plugins.
Preloading 2 native plugins for Editor in 0.11 ms.
Unloading 14 Unused Serialized files (Serialized files now loaded: 0)
Unloading 14 unused Assets / (1.3 MB). Loaded Objects now: 4029.
Memory consumption went from 93.6 MB to 92.3 MB.
Total: 13.036800 ms (FindLiveObjects: 0.262200 ms CreateObjectMapping: 0.098400 ms MarkObjects: 12.387900 ms  DeleteObjects: 0.286800 ms)

Prepare: number of updated asset objects reloaded= 0
AssetImportParameters requested are different than current active one (requested -> active):
  custom:container-demuxer-ogg: 62fdf1f143b41e24485cea50d1cbac27 -> 
  custom:video-codec-MediaFoundation-h265: 746d11721c4dcdbdad8f713fa42b33f4 -> 
  custom:video-decoder-ogg-theora: a1e56fd34408186e4bbccfd4996cb3dc -> 
  custom:framework-win-MediaFoundation: 216162199b28c13a410421893ffa2e32 -> 
  custom:CustomObjectIndexerAttribute: 756ad292c208cfabdd7b50bc23989ffe -> 
  custom:container-demuxer-webm: 4f35f7cbe854078d1ac9338744f61a02 -> 
  custom:container-muxer-webm: aa71ff27fc2769a1b78a27578f13a17b -> 
  custom:video-decoder-webm-vp8: 9c59270c3fd7afecdb556c50c9e8de78 -> 
  custom:SearchIndexIgnoredProperties: e643bd26f0fe6173181afceb89e7c659 -> 
  custom:AudioImporter_EditorPlatform: d09bf68614088b80899f8185d706f6e7 -> 
  custom:video-encoder-webm-vp8: eb34c28f22e8b96e1ab97ce403110664 -> 
  custom:audio-decoder-ogg-vorbis: bf7c407c2cedff20999df2af8eb42d56 -> 
  custom:audio-encoder-webm-vorbis: bf7c407c2cedff20999df2af8eb42d56 -> 
Editor requested this worker to shutdown with reason: Scaling down because of idle timeout
TcpMessagingSession - receive error
AssetImportWorkerClient::OnTransportError - code=2 error=End of file
AssetImportWorker is now disconnected from the server
Process exiting
Exiting without the bug reporter. Application will terminate with return code 0